# JRE version: OpenJDK Runtime Environment (8.0_152-b01) (build 1.8.0_152-release-1343-b01)
# Java VM: OpenJDK 64-Bit Server VM (25.152-b01 mixed mode windows-amd64 compressed oops)
Heap:
 PSYoungGen      total 139264K, used 97110K [0x00000000e0000000, 0x00000000eb380000, 0x0000000100000000)
  eden space 122880K, 79% used [0x00000000e0000000,0x00000000e5ed58d8,0x00000000e7800000)
  from space 16384K, 0% used [0x00000000e7800000,0x00000000e7800000,0x00000000e8800000)
  to   space 17920K, 0% used [0x00000000ea200000,0x00000000ea200000,0x00000000eb380000)
 ParOldGen       total 193024K, used 29565K [0x00000000a0000000, 0x00000000abc80000, 0x00000000e0000000)
  object space 193024K, 15% used [0x00000000a0000000,0x00000000a1cdf730,0x00000000abc80000)
 Metaspace       used 60996K, capacity 63010K, committed 63256K, reserved 1103872K
  class space    used 8273K, capacity 8728K, committed 8744K, reserved 1048576K
GC Heap History (10 events):
Event: 5.566 GC heap before
{Heap before GC invocations=8 (full 2):
 PSYoungGen      total 110080K, used 9684K [0x00000000e0000000, 0x00000000e7800000, 0x0000000100000000)
  eden space 97792K, 0% used [0x00000000e0000000,0x00000000e0000000,0x00000000e5f80000)
  from space 12288K, 78% used [0x00000000e6b80000,0x00000000e74f50a8,0x00000000e7780000)
  to   space 12288K, 0% used [0x00000000e5f80000,0x00000000e5f80000,0x00000000e6b80000)
 ParOldGen       total 112640K, used 11039K [0x00000000a0000000, 0x00000000a6e00000, 0x00000000e0000000)
  object space 112640K, 9% used [0x00000000a0000000,0x00000000a0ac7d80,0x00000000a6e00000)
 Metaspace       used 34713K, capacity 35436K, committed 35496K, reserved 1079296K
  class space    used 4799K, capacity 5005K, committed 5032K, reserved 1048576K
Event: 5.639 GC heap after
Heap after GC invocations=8 (full 2):
 PSYoungGen      total 110080K, used 0K [0x00000000e0000000, 0x00000000e7800000, 0x0000000100000000)
  eden space 97792K, 0% used [0x00000000e0000000,0x00000000e0000000,0x00000000e5f80000)
  from space 12288K, 0% used [0x00000000e6b80000,0x00000000e6b80000,0x00000000e7780000)
  to   space 12288K, 0% used [0x00000000e5f80000,0x00000000e5f80000,0x00000000e6b80000)
 ParOldGen       total 193024K, used 16457K [0x00000000a0000000, 0x00000000abc80000, 0x00000000e0000000)
  object space 193024K, 8% used [0x00000000a0000000,0x00000000a1012568,0x00000000abc80000)
 Metaspace       used 34688K, capacity 35352K, committed 35496K, reserved 1079296K
  class space    used 4791K, capacity 4991K, committed 5032K, reserved 1048576K
}
Event: 6.678 GC heap before
{Heap before GC invocations=9 (full 2):
 PSYoungGen      total 110080K, used 97792K [0x00000000e0000000, 0x00000000e7800000, 0x0000000100000000)
  eden space 97792K, 100% used [0x00000000e0000000,0x00000000e5f80000,0x00000000e5f80000)
  from space 12288K, 0% used [0x00000000e6b80000,0x00000000e6b80000,0x00000000e7780000)
  to   space 12288K, 0% used [0x00000000e5f80000,0x00000000e5f80000,0x00000000e6b80000)
 ParOldGen       total 193024K, used 16457K [0x00000000a0000000, 0x00000000abc80000, 0x00000000e0000000)
  object space 193024K, 8% used [0x00000000a0000000,0x00000000a1012568,0x00000000abc80000)
 Metaspace       used 44410K, capacity 45344K, committed 45480K, reserved 1089536K
  class space    used 5983K, capacity 6252K, committed 6312K, reserved 1048576K
Event: 6.691 GC heap after
Heap after GC invocations=9 (full 2):
 PSYoungGen      total 110080K, used 12270K [0x00000000e0000000, 0x00000000e9600000, 0x0000000100000000)
  eden space 97792K, 0% used [0x00000000e0000000,0x00000000e0000000,0x00000000e5f80000)
  from space 12288K, 99% used [0x00000000e5f80000,0x00000000e6b7ba80,0x00000000e6b80000)
  to   space 14336K, 0% used [0x00000000e8800000,0x00000000e8800000,0x00000000e9600000)
 ParOldGen       total 193024K, used 17713K [0x00000000a0000000, 0x00000000abc80000, 0x00000000e0000000)
  object space 193024K, 9% used [0x00000000a0000000,0x00000000a114c4e8,0x00000000abc80000)
 Metaspace       used 44410K, capacity 45344K, committed 45480K, reserved 1089536K
  class space    used 5983K, capacity 6252K, committed 6312K, reserved 1048576K
}
Event: 8.097 GC heap before
{Heap before GC invocations=10 (full 2):
 PSYoungGen      total 110080K, used 110062K [0x00000000e0000000, 0x00000000e9600000, 0x0000000100000000)
  eden space 97792K, 100% used [0x00000000e0000000,0x00000000e5f80000,0x00000000e5f80000)
  from space 12288K, 99% used [0x00000000e5f80000,0x00000000e6b7ba80,0x00000000e6b80000)
  to   space 14336K, 0% used [0x00000000e8800000,0x00000000e8800000,0x00000000e9600000)
 ParOldGen       total 193024K, used 17713K [0x00000000a0000000, 0x00000000abc80000, 0x00000000e0000000)
  object space 193024K, 9% used [0x00000000a0000000,0x00000000a114c4e8,0x00000000abc80000)
 Metaspace       used 53622K, capacity 54916K, committed 54952K, reserved 1097728K
  class space    used 7222K, capacity 7573K, committed 7592K, reserved 1048576K
Event: 8.109 GC heap after
Heap after GC invocations=10 (full 2):
 PSYoungGen      total 137216K, used 14330K [0x00000000e0000000, 0x00000000e9980000, 0x0000000100000000)
  eden space 122880K, 0% used [0x00000000e0000000,0x00000000e0000000,0x00000000e7800000)
  from space 14336K, 99% used [0x00000000e8800000,0x00000000e95febe0,0x00000000e9600000)
  to   space 16384K, 0% used [0x00000000e7800000,0x00000000e7800000,0x00000000e8800000)
 ParOldGen       total 193024K, used 19362K [0x00000000a0000000, 0x00000000abc80000, 0x00000000e0000000)
  object space 193024K, 10% used [0x00000000a0000000,0x00000000a12e8848,0x00000000abc80000)
 Metaspace       used 53622K, capacity 54916K, committed 54952K, reserved 1097728K
  class space    used 7222K, capacity 7573K, committed 7592K, reserved 1048576K
}
Event: 8.705 GC heap before
{Heap before GC invocations=11 (full 2):
 PSYoungGen      total 137216K, used 65152K [0x00000000e0000000, 0x00000000e9980000, 0x0000000100000000)
  eden space 122880K, 41% used [0x00000000e0000000,0x00000000e31a1460,0x00000000e7800000)
  from space 14336K, 99% used [0x00000000e8800000,0x00000000e95febe0,0x00000000e9600000)
  to   space 16384K, 0% used [0x00000000e7800000,0x00000000e7800000,0x00000000e8800000)
 ParOldGen       total 193024K, used 19362K [0x00000000a0000000, 0x00000000abc80000, 0x00000000e0000000)
  object space 193024K, 10% used [0x00000000a0000000,0x00000000a12e8848,0x00000000abc80000)
 Metaspace       used 57527K, capacity 58996K, committed 59160K, reserved 1099776K
  class space    used 7766K, capacity 8121K, committed 8232K, reserved 1048576K
Event: 8.718 GC heap after
Heap after GC invocations=11 (full 2):
 PSYoungGen      total 139264K, used 15723K [0x00000000e0000000, 0x00000000eb380000, 0x0000000100000000)
  eden space 122880K, 0% used [0x00000000e0000000,0x00000000e0000000,0x00000000e7800000)
  from space 16384K, 95% used [0x00000000e7800000,0x00000000e875adb8,0x00000000e8800000)
  to   space 17920K, 0% used [0x00000000ea200000,0x00000000ea200000,0x00000000eb380000)
 ParOldGen       total 193024K, used 19370K [0x00000000a0000000, 0x00000000abc80000, 0x00000000e0000000)
  object space 193024K, 10% used [0x00000000a0000000,0x00000000a12ea848,0x00000000abc80000)
 Metaspace       used 57527K, capacity 58996K, committed 59160K, reserved 1099776K
  class space    used 7766K, capacity 8121K, committed 8232K, reserved 1048576K
}
Event: 8.718 GC heap before
{Heap before GC invocations=12 (full 3):
 PSYoungGen      total 139264K, used 15723K [0x00000000e0000000, 0x00000000eb380000, 0x0000000100000000)
  eden space 122880K, 0% used [0x00000000e0000000,0x00000000e0000000,0x00000000e7800000)
  from space 16384K, 95% used [0x00000000e7800000,0x00000000e875adb8,0x00000000e8800000)
  to   space 17920K, 0% used [0x00000000ea200000,0x00000000ea200000,0x00000000eb380000)
 ParOldGen       total 193024K, used 19370K [0x00000000a0000000, 0x00000000abc80000, 0x00000000e0000000)
  object space 193024K, 10% used [0x00000000a0000000,0x00000000a12ea848,0x00000000abc80000)
 Metaspace       used 57527K, capacity 58996K, committed 59160K, reserved 1099776K
  class space    used 7766K, capacity 8121K, committed 8232K, reserved 1048576K
Event: 8.933 GC heap after
Heap after GC invocations=12 (full 3):
 PSYoungGen      total 139264K, used 0K [0x00000000e0000000, 0x00000000eb380000, 0x0000000100000000)
  eden space 122880K, 0% used [0x00000000e0000000,0x00000000e0000000,0x00000000e7800000)
  from space 16384K, 0% used [0x00000000e7800000,0x00000000e7800000,0x00000000e8800000)
  to   space 17920K, 0% used [0x00000000ea200000,0x00000000ea200000,0x00000000eb380000)
 ParOldGen       total 193024K, used 29565K [0x00000000a0000000, 0x00000000abc80000, 0x00000000e0000000)
  object space 193024K, 15% used [0x00000000a0000000,0x00000000a1cdf730,0x00000000abc80000)
 Metaspace       used 57527K, capacity 58996K, committed 59160K, reserved 1099776K
  class space    used 7766K, capacity 8121K, committed 8232K, reserved 1048576K
}

